TN:
SF:src\core\api\axiosInstance.js
FN:13,(anonymous_0)
FN:21,(anonymous_1)
FN:25,(anonymous_2)
FN:26,(anonymous_3)
FNF:4
FNH:0
FNDA:0,(anonymous_0)
FNDA:0,(anonymous_1)
FNDA:0,(anonymous_2)
FNDA:0,(anonymous_3)
DA:4,1
DA:13,1
DA:15,0
DA:16,0
DA:17,0
DA:19,0
DA:21,0
DA:25,1
DA:26,0
DA:28,0
DA:29,0
DA:30,0
DA:34,0
DA:35,0
DA:38,0
LF:15
LH:3
BRDA:5,0,0,1
BRDA:5,0,1,0
BRDA:16,1,0,0
BRDA:16,1,1,0
BRDA:28,2,0,0
BRDA:28,2,1,0
BRDA:34,3,0,0
BRDA:34,3,1,0
BRF:8
BRH:1
end_of_record
TN:
SF:src\core\auth\authStore.js
FN:5,(anonymous_0)
FN:11,(anonymous_1)
FN:13,(anonymous_2)
FN:15,(anonymous_3)
FNF:4
FNH:4
FNDA:2,(anonymous_0)
FNDA:2,(anonymous_1)
FNDA:5,(anonymous_2)
FNDA:9,(anonymous_3)
DA:4,2
DA:6,2
DA:11,2
DA:13,5
DA:15,9
LF:5
LH:5
BRF:0
BRH:0
end_of_record
TN:
SF:src\core\auth\useAuth.js
FN:4,(anonymous_0)
FN:9,(anonymous_1)
FN:16,(anonymous_2)
FN:22,(anonymous_3)
FN:28,(anonymous_4)
FNF:5
FNH:2
FNDA:4,(anonymous_0)
FNDA:0,(anonymous_1)
FNDA:0,(anonymous_2)
FNDA:0,(anonymous_3)
FNDA:4,(anonymous_4)
DA:4,1
DA:5,4
DA:9,4
DA:10,0
DA:11,0
DA:12,0
DA:16,4
DA:17,0
DA:18,0
DA:19,0
DA:22,4
DA:23,0
DA:28,4
DA:29,4
DA:30,3
DA:31,3
DA:32,2
DA:34,1
DA:37,4
LF:19
LH:12
BRDA:17,0,0,0
BRDA:17,0,1,0
BRDA:29,1,0,1
BRDA:29,1,1,3
BRDA:31,2,0,2
BRDA:31,2,1,1
BRF:6
BRH:4
end_of_record
TN:
SF:src\core\constants\roles.js
FNF:0
FNH:0
DA:1,1
DA:13,1
LF:2
LH:2
BRF:0
BRH:0
end_of_record
TN:
SF:src\modules\auth\services\authService.js
FN:4,(anonymous_0)
FN:9,(anonymous_1)
FN:14,(anonymous_2)
FNF:3
FNH:0
FNDA:0,(anonymous_0)
FNDA:0,(anonymous_1)
FNDA:0,(anonymous_2)
DA:3,1
DA:5,0
DA:6,0
DA:10,0
DA:11,0
DA:15,0
DA:16,0
LF:7
LH:1
BRF:0
BRH:0
end_of_record
